This is pdfTeX, Version 3.14159265-2.6-1.40.21 (MiKTeX 20.10) (preloaded format=pdflatex 2020.10.27)  11 NOV 2020 11:45
entering extended mode
**./Master_Report.tex
(Master_Report.tex
LaTeX2e <2020-10-01> patch level 1
L3 programming layer <2020-10-05> xparse <2020-03-03> (C:\Users\siahl\AppData\L
ocal\Programs\MiKTeX\tex/latex/base\article.cls
Document Class: article 2020/04/10 v1.4m Standard LaTeX document class
(C:\Users\siahl\AppData\Local\Programs\MiKTeX\tex/latex/base\size10.clo
File: size10.clo 2020/04/10 v1.4m Standard LaTeX file (size option)
)
\c@part=\count175
\c@section=\count176
\c@subsection=\count177
\c@subsubsection=\count178
\c@paragraph=\count179
\c@subparagraph=\count180
\c@figure=\count181
\c@table=\count182
\abovecaptionskip=\skip47
\belowcaptionskip=\skip48
\bibindent=\dimen138
) (C:\Users\siahl\AppData\Local\Programs\MiKTeX\tex/latex/lm\lmodern.sty
Package: lmodern 2009/10/30 v1.6 Latin Modern Fonts
LaTeX Font Info:    Overwriting symbol font `operators' in version `normal'
(Font)                  OT1/cmr/m/n --> OT1/lmr/m/n on input line 22.
LaTeX Font Info:    Overwriting symbol font `letters' in version `normal'
(Font)                  OML/cmm/m/it --> OML/lmm/m/it on input line 23.
LaTeX Font Info:    Overwriting symbol font `symbols' in version `normal'
(Font)                  OMS/cmsy/m/n --> OMS/lmsy/m/n on input line 24.
LaTeX Font Info:    Overwriting symbol font `largesymbols' in version `normal'
(Font)                  OMX/cmex/m/n --> OMX/lmex/m/n on input line 25.
LaTeX Font Info:    Overwriting symbol font `operators' in version `bold'
(Font)                  OT1/cmr/bx/n --> OT1/lmr/bx/n on input line 26.
LaTeX Font Info:    Overwriting symbol font `letters' in version `bold'
(Font)                  OML/cmm/b/it --> OML/lmm/b/it on input line 27.
LaTeX Font Info:    Overwriting symbol font `symbols' in version `bold'
(Font)                  OMS/cmsy/b/n --> OMS/lmsy/b/n on input line 28.
LaTeX Font Info:    Overwriting symbol font `largesymbols' in version `bold'
(Font)                  OMX/cmex/m/n --> OMX/lmex/m/n on input line 29.
LaTeX Font Info:    Overwriting math alphabet `\mathbf' in version `normal'
(Font)                  OT1/cmr/bx/n --> OT1/lmr/bx/n on input line 31.
LaTeX Font Info:    Overwriting math alphabet `\mathsf' in version `normal'
(Font)                  OT1/cmss/m/n --> OT1/lmss/m/n on input line 32.
LaTeX Font Info:    Overwriting math alphabet `\mathit' in version `normal'
(Font)                  OT1/cmr/m/it --> OT1/lmr/m/it on input line 33.
LaTeX Font Info:    Overwriting math alphabet `\mathtt' in version `normal'
(Font)                  OT1/cmtt/m/n --> OT1/lmtt/m/n on input line 34.
LaTeX Font Info:    Overwriting math alphabet `\mathbf' in version `bold'
(Font)                  OT1/cmr/bx/n --> OT1/lmr/bx/n on input line 35.
LaTeX Font Info:    Overwriting math alphabet `\mathsf' in version `bold'
(Font)                  OT1/cmss/bx/n --> OT1/lmss/bx/n on input line 36.
LaTeX Font Info:    Overwriting math alphabet `\mathit' in version `bold'
(Font)                  OT1/cmr/bx/it --> OT1/lmr/bx/it on input line 37.
LaTeX Font Info:    Overwriting math alphabet `\mathtt' in version `bold'
(Font)                  OT1/cmtt/m/n --> OT1/lmtt/m/n on input line 38.
) (C:\Users\siahl\AppData\Local\Programs\MiKTeX\tex/latex/amsfonts\amssymb.sty
Package: amssymb 2013/01/14 v3.01 AMS font symbols
(C:\Users\siahl\AppData\Local\Programs\MiKTeX\tex/latex/amsfonts\amsfonts.sty
Package: amsfonts 2013/01/14 v3.01 Basic AMSFonts support
\@emptytoks=\toks15
\symAMSa=\mathgroup4
\symAMSb=\mathgroup5
LaTeX Font Info:    Redeclaring math symbol \hbar on input line 98.
LaTeX Font Info:    Overwriting math alphabet `\mathfrak' in version `bold'
(Font)                  U/euf/m/n --> U/euf/b/n on input line 106.
)) (C:\Users\siahl\AppData\Local\Programs\MiKTeX\tex/latex/amsmath\amsmath.sty
Package: amsmath 2020/09/23 v2.17i AMS math features
\@mathmargin=\skip49
For additional information on amsmath, use the `?' option.
(C:\Users\siahl\AppData\Local\Programs\MiKTeX\tex/latex/amsmath\amstext.sty
Package: amstext 2000/06/29 v2.01 AMS text
(C:\Users\siahl\AppData\Local\Programs\MiKTeX\tex/latex/amsmath\amsgen.sty
File: amsgen.sty 1999/11/30 v2.0 generic functions
\@emptytoks=\toks16
\ex@=\dimen139
)) (C:\Users\siahl\AppData\Local\Programs\MiKTeX\tex/latex/amsmath\amsbsy.sty
Package: amsbsy 1999/11/29 v1.2d Bold Symbols
\pmbraise@=\dimen140
) (C:\Users\siahl\AppData\Local\Programs\MiKTeX\tex/latex/amsmath\amsopn.sty
Package: amsopn 2016/03/08 v2.02 operator names
)
\inf@bad=\count183
LaTeX Info: Redefining \frac on input line 234.
\uproot@=\count184
\leftroot@=\count185
LaTeX Info: Redefining \overline on input line 399.
\classnum@=\count186
\DOTSCASE@=\count187
LaTeX Info: Redefining \ldots on input line 496.
LaTeX Info: Redefining \dots on input line 499.
LaTeX Info: Redefining \cdots on input line 620.
\Mathstrutbox@=\box47
\strutbox@=\box48
\big@size=\dimen141
LaTeX Font Info:    Redeclaring font encoding OML on input line 743.
LaTeX Font Info:    Redeclaring font encoding OMS on input line 744.
\macc@depth=\count188
\c@MaxMatrixCols=\count189
\dotsspace@=\muskip16
\c@parentequation=\count190
\dspbrk@lvl=\count191
\tag@help=\toks17
\row@=\count192
\column@=\count193
\maxfields@=\count194
\andhelp@=\toks18
\eqnshift@=\dimen142
\alignsep@=\dimen143
\tagshift@=\dimen144
\tagwidth@=\dimen145
\totwidth@=\dimen146
\lineht@=\dimen147
\@envbody=\toks19
\multlinegap=\skip50
\multlinetaggap=\skip51
\mathdisplay@stack=\toks20
LaTeX Info: Redefining \[ on input line 2923.
LaTeX Info: Redefining \] on input line 2924.
) (C:\Users\siahl\AppData\Local\Programs\MiKTeX\tex/generic/iftex\ifxetex.sty
Package: ifxetex 2019/10/25 v0.7 ifxetex legacy package. Use iftex instead.
(C:\Users\siahl\AppData\Local\Programs\MiKTeX\tex/generic/iftex\iftex.sty
Package: iftex 2020/03/06 v1.0d TeX engine tests
)) (C:\Users\siahl\AppData\Local\Programs\MiKTeX\tex/generic/iftex\ifluatex.sty
Package: ifluatex 2019/10/25 v1.5 ifluatex legacy package. Use iftex instead.
) (C:\Users\siahl\AppData\Local\Programs\MiKTeX\tex/latex/base\fontenc.sty
Package: fontenc 2020/08/10 v2.0s Standard LaTeX package
LaTeX Font Info:    Trying to load font information for T1+lmr on input line 11
2.
(C:\Users\siahl\AppData\Local\Programs\MiKTeX\tex/latex/lm\t1lmr.fd
File: t1lmr.fd 2009/10/30 v1.6 Font defs for Latin Modern
)) (C:\Users\siahl\AppData\Local\Programs\MiKTeX\tex/latex/base\inputenc.sty
Package: inputenc 2020/08/01 v1.3d Input encoding file
\inpenc@prehook=\toks21
\inpenc@posthook=\toks22
) (C:\Users\siahl\AppData\Local\Programs\MiKTeX\tex/latex/base\textcomp.sty
Package: textcomp 2020/02/02 v2.0n Standard LaTeX package
) (C:\Users\siahl\AppData\Local\Programs\MiKTeX\tex/latex/upquote\upquote.sty
Package: upquote 2012/04/19 v1.3 upright-quote and grave-accent glyphs in verba
tim
)
(C:\Users\siahl\AppData\Local\Programs\MiKTeX\tex/latex/microtype\microtype.sty
Package: microtype 2019/11/18 v2.7d Micro-typographical refinements (RS)
(C:\Users\siahl\AppData\Local\Programs\MiKTeX\tex/latex/graphics\keyval.sty
Package: keyval 2014/10/28 v1.15 key=value parser (DPC)
\KV@toks@=\toks23
)
\MT@toks=\toks24
\MT@count=\count195
LaTeX Info: Redefining \textls on input line 790.
\MT@outer@kern=\dimen148
LaTeX Info: Redefining \textmicrotypecontext on input line 1354.
\MT@listname@count=\count196

(C:\Users\siahl\AppData\Local\Programs\MiKTeX\tex/latex/microtype\microtype-pdf
tex.def
File: microtype-pdftex.def 2019/11/18 v2.7d Definitions specific to pdftex (RS)

LaTeX Info: Redefining \lsstyle on input line 914.
LaTeX Info: Redefining \lslig on input line 914.
\MT@outer@space=\skip52
)
Package microtype Info: Loading configuration file microtype.cfg.

(C:\Users\siahl\AppData\Local\Programs\MiKTeX\tex/latex/microtype\microtype.cfg
File: microtype.cfg 2019/11/18 v2.7d microtype main configuration file (RS)
)) (C:\Users\siahl\AppData\Local\Programs\MiKTeX\tex/latex/parskip\parskip.sty
Package: parskip 2020-06-15 v2.0f non-zero parskip adjustments

(C:\Users\siahl\AppData\Local\Programs\MiKTeX\tex/latex/kvoptions\kvoptions.sty
Package: kvoptions 2019/11/29 v3.13 Key value format for package options (HO)
(C:\Users\siahl\AppData\Local\Programs\MiKTeX\tex/generic/ltxcmds\ltxcmds.sty
Package: ltxcmds 2020-05-10 v1.25 LaTeX kernel commands for general use (HO)
)
(C:\Users\siahl\AppData\Local\Programs\MiKTeX\tex/generic/kvsetkeys\kvsetkeys.s
ty
Package: kvsetkeys 2019/12/15 v1.18 Key value parser (HO)
)) (C:\Users\siahl\AppData\Local\Programs\MiKTeX\tex/latex/etoolbox\etoolbox.st
y
Package: etoolbox 2020/10/05 v2.5k e-TeX tools for LaTeX (JAW)
\etb@tempcnta=\count197
)) (C:\Users\siahl\AppData\Local\Programs\MiKTeX\tex/latex/xcolor\xcolor.sty
Package: xcolor 2016/05/11 v2.12 LaTeX color extensions (UK)
(C:\Users\siahl\AppData\Local\Programs\MiKTeX\tex/latex/graphics-cfg\color.cfg
File: color.cfg 2016/01/02 v1.6 sample color configuration
)
Package xcolor Info: Driver file: pdftex.def on input line 225.

(C:\Users\siahl\AppData\Local\Programs\MiKTeX\tex/latex/graphics-def\pdftex.def
File: pdftex.def 2020/10/05 v1.2a Graphics/color driver for pdftex
)
Package xcolor Info: Model `cmy' substituted by `cmy0' on input line 1348.
Package xcolor Info: Model `hsb' substituted by `rgb' on input line 1352.
Package xcolor Info: Model `RGB' extended on input line 1364.
Package xcolor Info: Model `HTML' substituted by `rgb' on input line 1366.
Package xcolor Info: Model `Hsb' substituted by `hsb' on input line 1367.
Package xcolor Info: Model `tHsb' substituted by `hsb' on input line 1368.
Package xcolor Info: Model `HSB' substituted by `hsb' on input line 1369.
Package xcolor Info: Model `Gray' substituted by `gray' on input line 1370.
Package xcolor Info: Model `wave' substituted by `hsb' on input line 1371.
) (C:\Users\siahl\AppData\Local\Programs\MiKTeX\tex/latex/xurl\xurl.sty
Package: xurl 2020/01/24 v 0.09 modify URL breaks
(C:\Users\siahl\AppData\Local\Programs\MiKTeX\tex/latex/url\url.sty
\Urlmuskip=\muskip17
Package: url 2013/09/16  ver 3.4  Verb mode for urls, etc.
)) (C:\Users\siahl\AppData\Local\Programs\MiKTeX\tex/latex/bookmark\bookmark.st
y
Package: bookmark 2019/12/03 v1.28 PDF bookmarks (HO)
(C:\Users\siahl\AppData\Local\Programs\MiKTeX\tex/latex/hyperref\hyperref.sty
Package: hyperref 2020-05-15 v7.00e Hypertext links for LaTeX

(C:\Users\siahl\AppData\Local\Programs\MiKTeX\tex/generic/pdftexcmds\pdftexcmds
.sty
Package: pdftexcmds 2020-06-27 v0.33 Utility functions of pdfTeX for LuaTeX (HO
)

(C:\Users\siahl\AppData\Local\Programs\MiKTeX\tex/generic/infwarerr\infwarerr.s
ty
Package: infwarerr 2019/12/03 v1.5 Providing info/warning/error messages (HO)
)
Package pdftexcmds Info: \pdf@primitive is available.
Package pdftexcmds Info: \pdf@ifprimitive is available.
Package pdftexcmds Info: \pdfdraftmode found.
)
(C:\Users\siahl\AppData\Local\Programs\MiKTeX\tex/generic/kvdefinekeys\kvdefine
keys.sty
Package: kvdefinekeys 2019-12-19 v1.6 Define keys (HO)
)
(C:\Users\siahl\AppData\Local\Programs\MiKTeX\tex/generic/pdfescape\pdfescape.s
ty
Package: pdfescape 2019/12/09 v1.15 Implements pdfTeX's escape features (HO)
) (C:\Users\siahl\AppData\Local\Programs\MiKTeX\tex/latex/hycolor\hycolor.sty
Package: hycolor 2020-01-27 v1.10 Color options for hyperref/bookmark (HO)
)
(C:\Users\siahl\AppData\Local\Programs\MiKTeX\tex/latex/letltxmacro\letltxmacro
.sty
Package: letltxmacro 2019/12/03 v1.6 Let assignment for LaTeX macros (HO)
) (C:\Users\siahl\AppData\Local\Programs\MiKTeX\tex/latex/auxhook\auxhook.sty
Package: auxhook 2019-12-17 v1.6 Hooks for auxiliary files (HO)
)
\@linkdim=\dimen149
\Hy@linkcounter=\count198
\Hy@pagecounter=\count199
(C:\Users\siahl\AppData\Local\Programs\MiKTeX\tex/latex/hyperref\pd1enc.def
File: pd1enc.def 2020-05-15 v7.00e Hyperref: PDFDocEncoding definition (HO)
Now handling font encoding PD1 ...
... no UTF-8 mapping file for font encoding PD1
) (C:\Users\siahl\AppData\Local\Programs\MiKTeX\tex/generic/intcalc\intcalc.sty
Package: intcalc 2019/12/15 v1.3 Expandable calculations with integers (HO)
)
(C:\Users\siahl\AppData\Local\Programs\MiKTeX\tex/generic/etexcmds\etexcmds.sty
Package: etexcmds 2019/12/15 v1.7 Avoid name clashes with e-TeX commands (HO)
)
\Hy@SavedSpaceFactor=\count266
Package hyperref Info: Option `unicode' set `true' on input line 4338.
(C:\Users\siahl\AppData\Local\Programs\MiKTeX\tex/latex/hyperref\puenc.def
File: puenc.def 2020-05-15 v7.00e Hyperref: PDF Unicode definition (HO)
Now handling font encoding PU ...
... no UTF-8 mapping file for font encoding PU
)
Package hyperref Info: Hyper figures OFF on input line 4464.
Package hyperref Info: Link nesting OFF on input line 4469.
Package hyperref Info: Hyper index ON on input line 4472.
Package hyperref Info: Plain pages OFF on input line 4479.
Package hyperref Info: Backreferencing OFF on input line 4484.
Package hyperref Info: Implicit mode ON; LaTeX internals redefined.
Package hyperref Info: Bookmarks ON on input line 4717.
\c@Hy@tempcnt=\count267
LaTeX Info: Redefining \url on input line 5076.
\XeTeXLinkMargin=\dimen150
(C:\Users\siahl\AppData\Local\Programs\MiKTeX\tex/generic/bitset\bitset.sty
Package: bitset 2019/12/09 v1.3 Handle bit-vector datatype (HO)

(C:\Users\siahl\AppData\Local\Programs\MiKTeX\tex/generic/bigintcalc\bigintcalc
.sty
Package: bigintcalc 2019/12/15 v1.5 Expandable calculations on big integers (HO
)
))
\Fld@menulength=\count268
\Field@Width=\dimen151
\Fld@charsize=\dimen152
Package hyperref Info: Hyper figures OFF on input line 6347.
Package hyperref Info: Link nesting OFF on input line 6352.
Package hyperref Info: Hyper index ON on input line 6355.
Package hyperref Info: backreferencing OFF on input line 6362.
Package hyperref Info: Link coloring OFF on input line 6367.
Package hyperref Info: Link coloring with OCG OFF on input line 6372.
Package hyperref Info: PDF/A mode OFF on input line 6377.
LaTeX Info: Redefining \ref on input line 6417.
LaTeX Info: Redefining \pageref on input line 6421.
(C:\Users\siahl\AppData\Local\Programs\MiKTeX\tex/latex/base\atbegshi-ltx.sty
Package: atbegshi-ltx 2020/08/17 v1.0a Emulation of the original atbegshi packa
ge
with kernel methods
)
\Hy@abspage=\count269
\c@Item=\count270
\c@Hfootnote=\count271
)
Package hyperref Info: Driver (autodetected): hpdftex.
(C:\Users\siahl\AppData\Local\Programs\MiKTeX\tex/latex/hyperref\hpdftex.def
File: hpdftex.def 2020-05-15 v7.00e Hyperref driver for pdfTeX
(C:\Users\siahl\AppData\Local\Programs\MiKTeX\tex/latex/base\atveryend-ltx.sty
Package: atveryend-ltx 2020/08/19 v1.0a Emulation of the original atvery packag
e
with kernel methods
)
\Fld@listcount=\count272
\c@bookmark@seq@number=\count273

(C:\Users\siahl\AppData\Local\Programs\MiKTeX\tex/latex/rerunfilecheck\rerunfil
echeck.sty
Package: rerunfilecheck 2019/12/05 v1.9 Rerun checks for auxiliary files (HO)

(C:\Users\siahl\AppData\Local\Programs\MiKTeX\tex/generic/uniquecounter\uniquec
ounter.sty
Package: uniquecounter 2019/12/15 v1.4 Provide unlimited unique counter (HO)
)
Package uniquecounter Info: New unique counter `rerunfilecheck' on input line 2
86.
)
\Hy@SectionHShift=\skip53
)
(C:\Users\siahl\AppData\Local\Programs\MiKTeX\tex/latex/bookmark\bkm-pdftex.def
File: bkm-pdftex.def 2019/12/03 v1.28 bookmark driver for pdfTeX (HO)
\BKM@id=\count274
)) (C:\Users\siahl\AppData\Local\Programs\MiKTeX\tex/latex/geometry\geometry.st
y
Package: geometry 2020/01/02 v5.9 Page Geometry
(C:\Users\siahl\AppData\Local\Programs\MiKTeX\tex/generic/iftex\ifvtex.sty
Package: ifvtex 2019/10/25 v1.7 ifvtex legacy package. Use iftex instead.
)
\Gm@cnth=\count275
\Gm@cntv=\count276
\c@Gm@tempcnt=\count277
\Gm@bindingoffset=\dimen153
\Gm@wd@mp=\dimen154
\Gm@odd@mp=\dimen155
\Gm@even@mp=\dimen156
\Gm@layoutwidth=\dimen157
\Gm@layoutheight=\dimen158
\Gm@layouthoffset=\dimen159
\Gm@layoutvoffset=\dimen160
\Gm@dimlist=\toks25
(C:\Users\siahl\AppData\Local\Programs\MiKTeX\tex/latex/geometry\geometry.cfg))
(C:\Users\siahl\AppData\Local\Programs\MiKTeX\tex/latex/graphics\graphicx.sty
Package: graphicx 2020/09/09 v1.2b Enhanced LaTeX Graphics (DPC,SPQR)
(C:\Users\siahl\AppData\Local\Programs\MiKTeX\tex/latex/graphics\graphics.sty
Package: graphics 2020/08/30 v1.4c Standard LaTeX Graphics (DPC,SPQR)
(C:\Users\siahl\AppData\Local\Programs\MiKTeX\tex/latex/graphics\trig.sty
Package: trig 2016/01/03 v1.10 sin cos tan (DPC)
)
(C:\Users\siahl\AppData\Local\Programs\MiKTeX\tex/latex/graphics-cfg\graphics.c
fg
File: graphics.cfg 2016/06/04 v1.11 sample graphics configuration
)
Package graphics Info: Driver file: pdftex.def on input line 105.
)
\Gin@req@height=\dimen161
\Gin@req@width=\dimen162
) (C:\Users\siahl\AppData\Local\Programs\MiKTeX\tex/latex/subfig\subfig.sty
Package: subfig 2005/06/28 ver: 1.3 subfig package
(C:\Users\siahl\AppData\Local\Programs\MiKTeX\tex/latex/caption\caption.sty
Package: caption 2020/10/26 v3.5g Customizing captions (AR)
(C:\Users\siahl\AppData\Local\Programs\MiKTeX\tex/latex/caption\caption3.sty
Package: caption3 2020/10/21 v2.2e caption3 kernel (AR)
\captionmargin=\dimen163
\captionmargin@=\dimen164
\captionwidth=\dimen165
\caption@tempdima=\dimen166
\caption@indent=\dimen167
\caption@parindent=\dimen168
\caption@hangindent=\dimen169
Package caption Info: Standard document class detected.
)
\c@caption@flags=\count278
\c@continuedfloat=\count279
Package caption Info: hyperref package is loaded.
)
\c@KVtest=\count280
\sf@farskip=\skip54
\sf@captopadj=\dimen170
\sf@capskip=\skip55
\sf@nearskip=\skip56
\c@subfigure=\count281
\c@subfigure@save=\count282
\c@lofdepth=\count283
\c@subtable=\count284
\c@subtable@save=\count285
\c@lotdepth=\count286
\sf@top=\skip57
\sf@bottom=\skip58
) (C:\Users\siahl\AppData\Local\Programs\MiKTeX\tex/latex/booktabs\booktabs.sty
Package: booktabs 2020/01/12 v1.61803398 Publication quality tables
\heavyrulewidth=\dimen171
\lightrulewidth=\dimen172
\cmidrulewidth=\dimen173
\belowrulesep=\dimen174
\belowbottomsep=\dimen175
\aboverulesep=\dimen176
\abovetopsep=\dimen177
\cmidrulesep=\dimen178
\cmidrulekern=\dimen179
\defaultaddspace=\dimen180
\@cmidla=\count287
\@cmidlb=\count288
\@aboverulesep=\dimen181
\@belowrulesep=\dimen182
\@thisruleclass=\count289
\@lastruleclass=\count290
\@thisrulewidth=\dimen183
) (C:\Users\siahl\AppData\Local\Programs\MiKTeX\tex/latex/tools\longtable.sty
Package: longtable 2020/01/07 v4.13 Multi-page Table package (DPC)
\LTleft=\skip59
\LTright=\skip60
\LTpre=\skip61
\LTpost=\skip62
\LTchunksize=\count291
\LTcapwidth=\dimen184
\LT@head=\box49
\LT@firsthead=\box50
\LT@foot=\box51
\LT@lastfoot=\box52
\LT@cols=\count292
\LT@rows=\count293
\c@LT@tables=\count294
\c@LT@chunks=\count295
\LT@p@ftn=\toks26
) (C:\Users\siahl\AppData\Local\Programs\MiKTeX\tex/latex/tools\array.sty
Package: array 2019/08/31 v2.4l Tabular extension package (FMi)
\col@sep=\dimen185
\ar@mcellbox=\box53
\extrarowheight=\dimen186
\NC@list=\toks27
\extratabsurround=\skip63
\backup@length=\skip64
\ar@cellbox=\box54
) (C:\Users\siahl\AppData\Local\Programs\MiKTeX\tex/latex/multirow\multirow.sty
Package: multirow 2019/05/31 v2.5 Span multiple rows of a table
\multirow@colwidth=\skip65
\multirow@cntb=\count296
\multirow@dima=\skip66
\bigstrutjot=\dimen187
) (C:\Users\siahl\AppData\Local\Programs\MiKTeX\tex/latex/wrapfig\wrapfig.sty
\wrapoverhang=\dimen188
\WF@size=\dimen189
\c@WF@wrappedlines=\count297
\WF@box=\box55
\WF@everypar=\toks28
Package: wrapfig 2003/01/31  v 3.6
) (C:\Users\siahl\AppData\Local\Programs\MiKTeX\tex/latex/float\float.sty
Package: float 2001/11/08 v1.3d Float enhancements (AL)
\c@float@type=\count298
\float@exts=\toks29
\float@box=\box56
\@float@everytoks=\toks30
\@floatcapt=\box57
) (C:\Users\siahl\AppData\Local\Programs\MiKTeX\tex/latex/colortbl\colortbl.sty
Package: colortbl 2020/01/04 v1.0e Color table columns (DPC)
\everycr=\toks31
\minrowclearance=\skip67
)
(C:\Users\siahl\AppData\Local\Programs\MiKTeX\tex/latex/pdflscape\pdflscape.sty
Package: pdflscape 2019/12/05 v0.12 Display of landscape pages in PDF (HO)
(C:\Users\siahl\AppData\Local\Programs\MiKTeX\tex/latex/graphics\lscape.sty
Package: lscape 2020/05/28 v3.02 Landscape Pages (DPC)
)
Package pdflscape Info: Auto-detected driver: pdftex on input line 81.
) (C:\Users\siahl\AppData\Local\Programs\MiKTeX\tex/latex/tabu\tabu.sty
Package: tabu 2019/01/11 v2.9 - flexible LaTeX tabulars (FC+tabu-fixed)
(C:\Users\siahl\AppData\Local\Programs\MiKTeX\tex/latex/varwidth\varwidth.sty
Package: varwidth 2009/03/30 ver 0.92;  Variable-width minipages
\@vwid@box=\box58
\sift@deathcycles=\count299
\@vwid@loff=\dimen190
\@vwid@roff=\dimen191
)
\c@taburow=\count300
\tabu@nbcols=\count301
\tabu@cnt=\count302
\tabu@Xcol=\count303
\tabu@alloc=\count304
\tabu@nested=\count305
\tabu@target=\dimen192
\tabu@spreadtarget=\dimen193
\tabu@naturalX=\dimen194
\tabucolX=\dimen195
\tabu@Xsum=\dimen196
\extrarowdepth=\dimen197
\abovetabulinesep=\dimen198
\belowtabulinesep=\dimen199
\tabustrutrule=\dimen256
\tabu@thebody=\toks32
\tabu@footnotes=\toks33
\tabu@box=\box59
\tabu@arstrutbox=\box60
\tabu@hleads=\box61
\tabu@vleads=\box62
\tabu@cellskip=\skip68
)
(C:\Users\siahl\AppData\Local\Programs\MiKTeX\tex/latex/threeparttable\threepar
ttable.sty
Package: threeparttable 2003/06/13  v 3.0
\@tempboxb=\box63
)
(C:\Users\siahl\AppData\Local\Programs\MiKTeX\tex/latex/threeparttablex\threepa
rttablex.sty
Package: threeparttablex 2013/07/23 v0.3 by daleif
(C:\Users\siahl\AppData\Local\Programs\MiKTeX\tex/latex/environ\environ.sty
Package: environ 2014/05/04 v0.3 A new way to define environments

(C:\Users\siahl\AppData\Local\Programs\MiKTeX\tex/latex/trimspaces\trimspaces.s
ty
Package: trimspaces 2009/09/17 v1.1 Trim spaces around a token list
))
\TPTL@width=\skip69
) (C:\Users\siahl\AppData\Local\Programs\MiKTeX\tex/latex/ulem\ulem.sty
\UL@box=\box64
\UL@hyphenbox=\box65
\UL@skip=\skip70
\UL@hook=\toks34
\UL@height=\dimen257
\UL@pe=\count306
\UL@pixel=\dimen258
\ULC@box=\box66
Package: ulem 2019/11/18
\ULdepth=\dimen259
) (C:\Users\siahl\AppData\Local\Programs\MiKTeX\tex/latex/makecell\makecell.sty
Package: makecell 2009/08/03 V0.1e Managing of Tab Column Heads and Cells
\rotheadsize=\dimen260
\c@nlinenum=\count307
\TeXr@lab=\toks35
)
(C:\Users\siahl\AppData\Local\Programs\MiKTeX\tex/latex/l3backend\l3backend-pdf
tex.def
File: l3backend-pdftex.def 2020-09-24 L3 backend support: PDF output (pdfTeX)
\l__kernel_color_stack_int=\count308
\l__pdf_internal_box=\box67
)
No file Master_Report.aux.
\openout1 = `Master_Report.aux'.

LaTeX Font Info:    Checking defaults for OML/cmm/m/it on input line 85.
LaTeX Font Info:    ... okay on input line 85.
LaTeX Font Info:    Checking defaults for OMS/cmsy/m/n on input line 85.
LaTeX Font Info:    ... okay on input line 85.
LaTeX Font Info:    Checking defaults for OT1/cmr/m/n on input line 85.
LaTeX Font Info:    ... okay on input line 85.
LaTeX Font Info:    Checking defaults for T1/cmr/m/n on input line 85.
LaTeX Font Info:    ... okay on input line 85.
LaTeX Font Info:    Checking defaults for TS1/cmr/m/n on input line 85.
LaTeX Font Info:    ... okay on input line 85.
LaTeX Font Info:    Checking defaults for OMX/cmex/m/n on input line 85.
LaTeX Font Info:    ... okay on input line 85.
LaTeX Font Info:    Checking defaults for U/cmr/m/n on input line 85.
LaTeX Font Info:    ... okay on input line 85.
LaTeX Font Info:    Checking defaults for PD1/pdf/m/n on input line 85.
LaTeX Font Info:    ... okay on input line 85.
LaTeX Font Info:    Checking defaults for PU/pdf/m/n on input line 85.
LaTeX Font Info:    ... okay on input line 85.
LaTeX Info: Redefining \microtypecontext on input line 85.
Package microtype Info: Generating PDF output.
Package microtype Info: Character protrusion enabled (level 2).
Package microtype Info: Using protrusion set `basicmath'.
Package microtype Info: Automatic font expansion enabled (level 2),
(microtype)             stretch: 20, shrink: 20, step: 1, non-selected.
Package microtype Info: Using default expansion set `basictext'.
LaTeX Info: Redefining \showhyphens on input line 85.
Package microtype Info: No adjustment of tracking.
Package microtype Info: No adjustment of interword spacing.
Package microtype Info: No adjustment of character kerning.
(C:\Users\siahl\AppData\Local\Programs\MiKTeX\tex/latex/microtype\mt-cmr.cfg
File: mt-cmr.cfg 2013/05/19 v2.2 microtype config. file: Computer Modern Roman 
(RS)
)
(C:\Users\siahl\AppData\Local\Programs\MiKTeX\tex/context/base/mkii\supp-pdf.mk
ii
[Loading MPS to PDF converter (version 2006.09.02).]
\scratchcounter=\count309
\scratchdimen=\dimen261
\scratchbox=\box68
\nofMPsegments=\count310
\nofMParguments=\count311
\everyMPshowfont=\toks36
\MPscratchCnt=\count312
\MPscratchDim=\dimen262
\MPnumerator=\count313
\makeMPintoPDFobject=\count314
\everyMPtoPDFconversion=\toks37
)
(C:\Users\siahl\AppData\Local\Programs\MiKTeX\tex/latex/epstopdf-pkg\epstopdf-b
ase.sty
Package: epstopdf-base 2020-01-24 v2.11 Base part for package epstopdf
Package epstopdf-base Info: Redefining graphics rule for `.eps' on input line 4
85.
)
Package hyperref Info: Link coloring OFF on input line 85.
(C:\Users\siahl\AppData\Local\Programs\MiKTeX\tex/latex/hyperref\nameref.sty
Package: nameref 2019/09/16 v2.46 Cross-referencing by name of section
(C:\Users\siahl\AppData\Local\Programs\MiKTeX\tex/latex/refcount\refcount.sty
Package: refcount 2019/12/15 v3.6 Data extraction from label references (HO)
)
(C:\Users\siahl\AppData\Local\Programs\MiKTeX\tex/generic/gettitlestring\gettit
lestring.sty
Package: gettitlestring 2019/12/15 v1.6 Cleanup title references (HO)
)
\c@section@level=\count315
)
LaTeX Info: Redefining \ref on input line 85.
LaTeX Info: Redefining \pageref on input line 85.
LaTeX Info: Redefining \nameref on input line 85.
*geometry* driver: auto-detecting
*geometry* detected driver: pdftex
*geometry* verbose mode - [ preamble ] result:
* driver: pdftex
* paper: <default>
* layout: <same size as paper>
* layoutoffset:(h,v)=(0.0pt,0.0pt)
* modes: 
* h-part:(L,W,R)=(56.9055pt, 500.484pt, 56.9055pt)
* v-part:(T,H,B)=(56.9055pt, 681.15898pt, 56.9055pt)
* \paperwidth=614.295pt
* \paperheight=794.96999pt
* \textwidth=500.484pt
* \textheight=681.15898pt
* \oddsidemargin=-15.36449pt
* \evensidemargin=-15.36449pt
* \topmargin=-52.36449pt
* \headheight=12.0pt
* \headsep=25.0pt
* \topskip=10.0pt
* \footskip=30.0pt
* \marginparwidth=65.0pt
* \marginparsep=11.0pt
* \columnsep=10.0pt
* \skip\footins=9.0pt plus 4.0pt minus 2.0pt
* \hoffset=0.0pt
* \voffset=0.0pt
* \mag=1000
* \@twocolumnfalse
* \@twosidefalse
* \@mparswitchfalse
* \@reversemarginfalse
* (1in=72.27pt=25.4mm, 1cm=28.453pt)

Package caption Info: Begin \AtBeginDocument code.
Package caption Info: subfig package v1.3 is loaded.
Package caption Info: float package is loaded.
Package caption Info: longtable package is loaded.
(C:\Users\siahl\AppData\Local\Programs\MiKTeX\tex/latex/caption\ltcaption.sty
Package: ltcaption 2020/05/30 v1.4b longtable captions (AR)
)
Package caption Info: threeparttable package is loaded.
Package caption Info: wrapfig package is loaded.
Package caption Info: End \AtBeginDocument code.
LaTeX Font Info:    Trying to load font information for OT1+lmr on input line 8
7.
(C:\Users\siahl\AppData\Local\Programs\MiKTeX\tex/latex/lm\ot1lmr.fd
File: ot1lmr.fd 2009/10/30 v1.6 Font defs for Latin Modern
)
LaTeX Font Info:    Trying to load font information for OML+lmm on input line 8
7.
(C:\Users\siahl\AppData\Local\Programs\MiKTeX\tex/latex/lm\omllmm.fd
File: omllmm.fd 2009/10/30 v1.6 Font defs for Latin Modern
)
LaTeX Font Info:    Trying to load font information for OMS+lmsy on input line 
87.
(C:\Users\siahl\AppData\Local\Programs\MiKTeX\tex/latex/lm\omslmsy.fd
File: omslmsy.fd 2009/10/30 v1.6 Font defs for Latin Modern
)
LaTeX Font Info:    Trying to load font information for OMX+lmex on input line 
87.
(C:\Users\siahl\AppData\Local\Programs\MiKTeX\tex/latex/lm\omxlmex.fd
File: omxlmex.fd 2009/10/30 v1.6 Font defs for Latin Modern
)
LaTeX Font Info:    External font `lmex10' loaded for size
(Font)              <12> on input line 87.
LaTeX Font Info:    External font `lmex10' loaded for size
(Font)              <8> on input line 87.
LaTeX Font Info:    External font `lmex10' loaded for size
(Font)              <6> on input line 87.
LaTeX Font Info:    Trying to load font information for U+msa on input line 87.

(C:\Users\siahl\AppData\Local\Programs\MiKTeX\tex/latex/amsfonts\umsa.fd
File: umsa.fd 2013/01/14 v3.01 AMS symbols A
) (C:\Users\siahl\AppData\Local\Programs\MiKTeX\tex/latex/microtype\mt-msa.cfg
File: mt-msa.cfg 2006/02/04 v1.1 microtype config. file: AMS symbols (a) (RS)
)
LaTeX Font Info:    Trying to load font information for U+msb on input line 87.

(C:\Users\siahl\AppData\Local\Programs\MiKTeX\tex/latex/amsfonts\umsb.fd
File: umsb.fd 2013/01/14 v3.01 AMS symbols B
) (C:\Users\siahl\AppData\Local\Programs\MiKTeX\tex/latex/microtype\mt-msb.cfg
File: mt-msb.cfg 2005/06/01 v1.0 microtype config. file: AMS symbols (b) (RS)
) [1

{C:/Users/siahl/AppData/Local/MiKTeX/pdftex/config/pdftex.map}]
\tf@toc=\write3
\openout3 = `Master_Report.toc'.

\tf@lof=\write4
\openout4 = `Master_Report.lof'.

\tf@lot=\write5
\openout5 = `Master_Report.lot'.

[2]
LaTeX Font Info:    External font `lmex10' loaded for size
(Font)              <10> on input line 121.
LaTeX Font Info:    External font `lmex10' loaded for size
(Font)              <7> on input line 121.
LaTeX Font Info:    External font `lmex10' loaded for size
(Font)              <5> on input line 121.
<Master_Report_files/figure-latex/figures-side-1.pdf, id=21, 469.755pt x 325.21
5pt>
File: Master_Report_files/figure-latex/figures-side-1.pdf Graphic file (type pd
f)
<use Master_Report_files/figure-latex/figures-side-1.pdf>
Package pdftex.def Info: Master_Report_files/figure-latex/figures-side-1.pdf  u
sed on input line 125.
(pdftex.def)             Requested size: 250.23769pt x 173.24147pt.
<Master_Report_files/figure-latex/figures-side-2.pdf, id=22, 469.755pt x 325.21
5pt>
File: Master_Report_files/figure-latex/figures-side-2.pdf Graphic file (type pd
f)
<use Master_Report_files/figure-latex/figures-side-2.pdf>
Package pdftex.def Info: Master_Report_files/figure-latex/figures-side-2.pdf  u
sed on input line 125.
(pdftex.def)             Requested size: 250.23769pt x 173.24147pt.

Overfull \hbox (2.2136pt too wide) in paragraph at lines 125--125
[][] [] 
 []

<Master_Report_files/figure-latex/unnamed-chunk-7-1.pdf, id=23, 469.755pt x 325
.215pt>
File: Master_Report_files/figure-latex/unnamed-chunk-7-1.pdf Graphic file (type
 pdf)
<use Master_Report_files/figure-latex/unnamed-chunk-7-1.pdf>
Package pdftex.def Info: Master_Report_files/figure-latex/unnamed-chunk-7-1.pdf
  used on input line 128.
(pdftex.def)             Requested size: 250.23769pt x 173.24147pt.
<Master_Report_files/figure-latex/unnamed-chunk-7-2.pdf, id=24, 469.755pt x 325
.215pt>
File: Master_Report_files/figure-latex/unnamed-chunk-7-2.pdf Graphic file (type
 pdf)
<use Master_Report_files/figure-latex/unnamed-chunk-7-2.pdf>
Package pdftex.def Info: Master_Report_files/figure-latex/unnamed-chunk-7-2.pdf
  used on input line 128.
(pdftex.def)             Requested size: 250.23769pt x 173.24147pt.

Overfull \hbox (2.2136pt too wide) in paragraph at lines 128--128
[][] [] 
 []

<Master_Report_files/figure-latex/unnamed-chunk-8-1.pdf, id=25, 469.755pt x 325
.215pt>
File: Master_Report_files/figure-latex/unnamed-chunk-8-1.pdf Graphic file (type
 pdf)
<use Master_Report_files/figure-latex/unnamed-chunk-8-1.pdf>
Package pdftex.def Info: Master_Report_files/figure-latex/unnamed-chunk-8-1.pdf
  used on input line 131.
(pdftex.def)             Requested size: 250.23769pt x 173.24147pt.
<Master_Report_files/figure-latex/unnamed-chunk-8-2.pdf, id=26, 469.755pt x 325
.215pt>
File: Master_Report_files/figure-latex/unnamed-chunk-8-2.pdf Graphic file (type
 pdf)
<use Master_Report_files/figure-latex/unnamed-chunk-8-2.pdf>
Package pdftex.def Info: Master_Report_files/figure-latex/unnamed-chunk-8-2.pdf
  used on input line 131.
(pdftex.def)             Requested size: 250.23769pt x 173.24147pt.

Overfull \hbox (2.2136pt too wide) in paragraph at lines 131--131
[][] [] 
 []

<Master_Report_files/figure-latex/unnamed-chunk-9-1.pdf, id=27, 469.755pt x 325
.215pt>
File: Master_Report_files/figure-latex/unnamed-chunk-9-1.pdf Graphic file (type
 pdf)
<use Master_Report_files/figure-latex/unnamed-chunk-9-1.pdf>
Package pdftex.def Info: Master_Report_files/figure-latex/unnamed-chunk-9-1.pdf
  used on input line 134.
(pdftex.def)             Requested size: 250.23769pt x 173.24147pt.
<Master_Report_files/figure-latex/unnamed-chunk-9-2.pdf, id=28, 469.755pt x 325
.215pt>
File: Master_Report_files/figure-latex/unnamed-chunk-9-2.pdf Graphic file (type
 pdf)
<use Master_Report_files/figure-latex/unnamed-chunk-9-2.pdf>
Package pdftex.def Info: Master_Report_files/figure-latex/unnamed-chunk-9-2.pdf
  used on input line 134.
(pdftex.def)             Requested size: 250.23769pt x 173.24147pt.

Overfull \hbox (2.2136pt too wide) in paragraph at lines 134--134
[][] [] 
 []

[3 <./Master_Report_files/figure-latex/figures-side-1.pdf> <./Master_Report_fil
es/figure-latex/figures-side-2.pdf> <./Master_Report_files/figure-latex/unnamed
-chunk-7-1.pdf> <./Master_Report_files/figure-latex/unnamed-chunk-7-2.pdf>]
<Master_Report_files/figure-latex/unnamed-chunk-10-1.pdf, id=63, 469.755pt x 32
5.215pt>
File: Master_Report_files/figure-latex/unnamed-chunk-10-1.pdf Graphic file (typ
e pdf)
<use Master_Report_files/figure-latex/unnamed-chunk-10-1.pdf>
Package pdftex.def Info: Master_Report_files/figure-latex/unnamed-chunk-10-1.pd
f  used on input line 138.
(pdftex.def)             Requested size: 250.23769pt x 173.24147pt.
<Master_Report_files/figure-latex/unnamed-chunk-10-2.pdf, id=64, 469.755pt x 32
5.215pt>
File: Master_Report_files/figure-latex/unnamed-chunk-10-2.pdf Graphic file (typ
e pdf)
<use Master_Report_files/figure-latex/unnamed-chunk-10-2.pdf>
Package pdftex.def Info: Master_Report_files/figure-latex/unnamed-chunk-10-2.pd
f  used on input line 138.
(pdftex.def)             Requested size: 250.23769pt x 173.24147pt.

Overfull \hbox (2.2136pt too wide) in paragraph at lines 138--138
[][] [] 
 []

<Master_Report_files/figure-latex/unnamed-chunk-11-1.pdf, id=65, 469.755pt x 32
5.215pt>
File: Master_Report_files/figure-latex/unnamed-chunk-11-1.pdf Graphic file (typ
e pdf)
<use Master_Report_files/figure-latex/unnamed-chunk-11-1.pdf>
Package pdftex.def Info: Master_Report_files/figure-latex/unnamed-chunk-11-1.pd
f  used on input line 142.
(pdftex.def)             Requested size: 250.23769pt x 173.24147pt.
<Master_Report_files/figure-latex/unnamed-chunk-11-2.pdf, id=66, 469.755pt x 32
5.215pt>
File: Master_Report_files/figure-latex/unnamed-chunk-11-2.pdf Graphic file (typ
e pdf)
<use Master_Report_files/figure-latex/unnamed-chunk-11-2.pdf>
Package pdftex.def Info: Master_Report_files/figure-latex/unnamed-chunk-11-2.pd
f  used on input line 142.
(pdftex.def)             Requested size: 250.23769pt x 173.24147pt.

Overfull \hbox (2.2136pt too wide) in paragraph at lines 142--142
[][] [] 
 []

[4 <./Master_Report_files/figure-latex/unnamed-chunk-8-1.pdf> <./Master_Report_
files/figure-latex/unnamed-chunk-8-2.pdf> <./Master_Report_files/figure-latex/u
nnamed-chunk-9-1.pdf> <./Master_Report_files/figure-latex/unnamed-chunk-9-2.pdf
> <./Master_Report_files/figure-latex/unnamed-chunk-10-1.pdf> <./Master_Report_
files/figure-latex/unnamed-chunk-10-2.pdf>]
<Master_Report_files/figure-latex/unnamed-chunk-12-1.pdf, id=110, 469.755pt x 3
25.215pt>
File: Master_Report_files/figure-latex/unnamed-chunk-12-1.pdf Graphic file (typ
e pdf)
<use Master_Report_files/figure-latex/unnamed-chunk-12-1.pdf>
Package pdftex.def Info: Master_Report_files/figure-latex/unnamed-chunk-12-1.pd
f  used on input line 146.
(pdftex.def)             Requested size: 250.23769pt x 173.24147pt.
<Master_Report_files/figure-latex/unnamed-chunk-12-2.pdf, id=111, 469.755pt x 3
25.215pt>
File: Master_Report_files/figure-latex/unnamed-chunk-12-2.pdf Graphic file (typ
e pdf)
<use Master_Report_files/figure-latex/unnamed-chunk-12-2.pdf>
Package pdftex.def Info: Master_Report_files/figure-latex/unnamed-chunk-12-2.pd
f  used on input line 146.
(pdftex.def)             Requested size: 250.23769pt x 173.24147pt.

Overfull \hbox (2.2136pt too wide) in paragraph at lines 146--146
[][] [] 
 []

<Master_Report_files/figure-latex/unnamed-chunk-13-1.pdf, id=112, 469.755pt x 3
25.215pt>
File: Master_Report_files/figure-latex/unnamed-chunk-13-1.pdf Graphic file (typ
e pdf)
<use Master_Report_files/figure-latex/unnamed-chunk-13-1.pdf>
Package pdftex.def Info: Master_Report_files/figure-latex/unnamed-chunk-13-1.pd
f  used on input line 150.
(pdftex.def)             Requested size: 250.23769pt x 173.24147pt.
<Master_Report_files/figure-latex/unnamed-chunk-13-2.pdf, id=113, 469.755pt x 3
25.215pt>
File: Master_Report_files/figure-latex/unnamed-chunk-13-2.pdf Graphic file (typ
e pdf)
<use Master_Report_files/figure-latex/unnamed-chunk-13-2.pdf>
Package pdftex.def Info: Master_Report_files/figure-latex/unnamed-chunk-13-2.pd
f  used on input line 150.
(pdftex.def)             Requested size: 250.23769pt x 173.24147pt.

Overfull \hbox (2.2136pt too wide) in paragraph at lines 150--150
[][] [] 
 []

<Master_Report_files/figure-latex/unnamed-chunk-15-1.pdf, id=114, 469.755pt x 3
25.215pt>
File: Master_Report_files/figure-latex/unnamed-chunk-15-1.pdf Graphic file (typ
e pdf)
<use Master_Report_files/figure-latex/unnamed-chunk-15-1.pdf>
Package pdftex.def Info: Master_Report_files/figure-latex/unnamed-chunk-15-1.pd
f  used on input line 160.
(pdftex.def)             Requested size: 250.23769pt x 173.24147pt.
<Master_Report_files/figure-latex/unnamed-chunk-15-2.pdf, id=115, 469.755pt x 3
25.215pt>
File: Master_Report_files/figure-latex/unnamed-chunk-15-2.pdf Graphic file (typ
e pdf)
<use Master_Report_files/figure-latex/unnamed-chunk-15-2.pdf>
Package pdftex.def Info: Master_Report_files/figure-latex/unnamed-chunk-15-2.pd
f  used on input line 160.
(pdftex.def)             Requested size: 250.23769pt x 173.24147pt.

Overfull \hbox (2.2136pt too wide) in paragraph at lines 160--160
[][] [] 
 []

[5 <./Master_Report_files/figure-latex/unnamed-chunk-11-1.pdf> <./Master_Report
_files/figure-latex/unnamed-chunk-11-2.pdf> <./Master_Report_files/figure-latex
/unnamed-chunk-12-1.pdf> <./Master_Report_files/figure-latex/unnamed-chunk-12-2
.pdf> <./Master_Report_files/figure-latex/unnamed-chunk-13-1.pdf> <./Master_Rep
ort_files/figure-latex/unnamed-chunk-13-2.pdf>]
<Master_Report_files/figure-latex/unnamed-chunk-16-1.pdf, id=160, 469.755pt x 3
25.215pt>
File: Master_Report_files/figure-latex/unnamed-chunk-16-1.pdf Graphic file (typ
e pdf)
<use Master_Report_files/figure-latex/unnamed-chunk-16-1.pdf>
Package pdftex.def Info: Master_Report_files/figure-latex/unnamed-chunk-16-1.pd
f  used on input line 164.
(pdftex.def)             Requested size: 250.23769pt x 173.24147pt.
<Master_Report_files/figure-latex/unnamed-chunk-16-2.pdf, id=161, 469.755pt x 3
25.215pt>
File: Master_Report_files/figure-latex/unnamed-chunk-16-2.pdf Graphic file (typ
e pdf)
<use Master_Report_files/figure-latex/unnamed-chunk-16-2.pdf>
Package pdftex.def Info: Master_Report_files/figure-latex/unnamed-chunk-16-2.pd
f  used on input line 164.
(pdftex.def)             Requested size: 250.23769pt x 173.24147pt.

Overfull \hbox (2.2136pt too wide) in paragraph at lines 164--164
[][] [] 
 []

<Master_Report_files/figure-latex/unnamed-chunk-18-1.pdf, id=162, 469.755pt x 3
25.215pt>
File: Master_Report_files/figure-latex/unnamed-chunk-18-1.pdf Graphic file (typ
e pdf)
<use Master_Report_files/figure-latex/unnamed-chunk-18-1.pdf>
Package pdftex.def Info: Master_Report_files/figure-latex/unnamed-chunk-18-1.pd
f  used on input line 168.
(pdftex.def)             Requested size: 250.23769pt x 173.24147pt.
<Master_Report_files/figure-latex/unnamed-chunk-18-2.pdf, id=163, 469.755pt x 3
25.215pt>
File: Master_Report_files/figure-latex/unnamed-chunk-18-2.pdf Graphic file (typ
e pdf)
<use Master_Report_files/figure-latex/unnamed-chunk-18-2.pdf>
Package pdftex.def Info: Master_Report_files/figure-latex/unnamed-chunk-18-2.pd
f  used on input line 168.
(pdftex.def)             Requested size: 250.23769pt x 173.24147pt.

Overfull \hbox (2.2136pt too wide) in paragraph at lines 168--168
[][] [] 
 []

<Master_Report_files/figure-latex/unnamed-chunk-19-1.pdf, id=164, 469.755pt x 3
25.215pt>
File: Master_Report_files/figure-latex/unnamed-chunk-19-1.pdf Graphic file (typ
e pdf)
<use Master_Report_files/figure-latex/unnamed-chunk-19-1.pdf>
Package pdftex.def Info: Master_Report_files/figure-latex/unnamed-chunk-19-1.pd
f  used on input line 172.
(pdftex.def)             Requested size: 250.23769pt x 173.24147pt.
<Master_Report_files/figure-latex/unnamed-chunk-19-2.pdf, id=165, 469.755pt x 3
25.215pt>
File: Master_Report_files/figure-latex/unnamed-chunk-19-2.pdf Graphic file (typ
e pdf)
<use Master_Report_files/figure-latex/unnamed-chunk-19-2.pdf>
Package pdftex.def Info: Master_Report_files/figure-latex/unnamed-chunk-19-2.pd
f  used on input line 172.
(pdftex.def)             Requested size: 250.23769pt x 173.24147pt.

Overfull \hbox (2.2136pt too wide) in paragraph at lines 172--172
[][] [] 
 []

[6 <./Master_Report_files/figure-latex/unnamed-chunk-15-1.pdf> <./Master_Report
_files/figure-latex/unnamed-chunk-15-2.pdf> <./Master_Report_files/figure-latex
/unnamed-chunk-16-1.pdf> <./Master_Report_files/figure-latex/unnamed-chunk-16-2
.pdf> <./Master_Report_files/figure-latex/unnamed-chunk-18-1.pdf> <./Master_Rep
ort_files/figure-latex/unnamed-chunk-18-2.pdf>]
<Master_Report_files/figure-latex/unnamed-chunk-20-1.pdf, id=211, 469.755pt x 3
25.215pt>
File: Master_Report_files/figure-latex/unnamed-chunk-20-1.pdf Graphic file (typ
e pdf)
<use Master_Report_files/figure-latex/unnamed-chunk-20-1.pdf>
Package pdftex.def Info: Master_Report_files/figure-latex/unnamed-chunk-20-1.pd
f  used on input line 176.
(pdftex.def)             Requested size: 250.23769pt x 173.24147pt.
<Master_Report_files/figure-latex/unnamed-chunk-20-2.pdf, id=212, 469.755pt x 3
25.215pt>
File: Master_Report_files/figure-latex/unnamed-chunk-20-2.pdf Graphic file (typ
e pdf)
<use Master_Report_files/figure-latex/unnamed-chunk-20-2.pdf>
Package pdftex.def Info: Master_Report_files/figure-latex/unnamed-chunk-20-2.pd
f  used on input line 176.
(pdftex.def)             Requested size: 250.23769pt x 173.24147pt.

Overfull \hbox (2.2136pt too wide) in paragraph at lines 176--176
[][] [] 
 []

<Master_Report_files/figure-latex/unnamed-chunk-21-1.pdf, id=213, 469.755pt x 3
25.215pt>
File: Master_Report_files/figure-latex/unnamed-chunk-21-1.pdf Graphic file (typ
e pdf)
<use Master_Report_files/figure-latex/unnamed-chunk-21-1.pdf>
Package pdftex.def Info: Master_Report_files/figure-latex/unnamed-chunk-21-1.pd
f  used on input line 180.
(pdftex.def)             Requested size: 250.23769pt x 173.24147pt.
<Master_Report_files/figure-latex/unnamed-chunk-21-2.pdf, id=214, 469.755pt x 3
25.215pt>
File: Master_Report_files/figure-latex/unnamed-chunk-21-2.pdf Graphic file (typ
e pdf)
<use Master_Report_files/figure-latex/unnamed-chunk-21-2.pdf>
Package pdftex.def Info: Master_Report_files/figure-latex/unnamed-chunk-21-2.pd
f  used on input line 180.
(pdftex.def)             Requested size: 250.23769pt x 173.24147pt.

Overfull \hbox (2.2136pt too wide) in paragraph at lines 180--180
[][] [] 
 []

<Master_Report_files/figure-latex/unnamed-chunk-23-1.pdf, id=215, 469.755pt x 3
25.215pt>
File: Master_Report_files/figure-latex/unnamed-chunk-23-1.pdf Graphic file (typ
e pdf)
<use Master_Report_files/figure-latex/unnamed-chunk-23-1.pdf>
Package pdftex.def Info: Master_Report_files/figure-latex/unnamed-chunk-23-1.pd
f  used on input line 187.
(pdftex.def)             Requested size: 250.23769pt x 173.24147pt.
[7 <./Master_Report_files/figure-latex/unnamed-chunk-19-1.pdf> <./Master_Report
_files/figure-latex/unnamed-chunk-19-2.pdf> <./Master_Report_files/figure-latex
/unnamed-chunk-20-1.pdf> <./Master_Report_files/figure-latex/unnamed-chunk-20-2
.pdf> <./Master_Report_files/figure-latex/unnamed-chunk-21-1.pdf> <./Master_Rep
ort_files/figure-latex/unnamed-chunk-21-2.pdf>]
<Master_Report_files/figure-latex/unnamed-chunk-24-1.pdf, id=262, 469.755pt x 3
25.215pt>
File: Master_Report_files/figure-latex/unnamed-chunk-24-1.pdf Graphic file (typ
e pdf)
<use Master_Report_files/figure-latex/unnamed-chunk-24-1.pdf>
Package pdftex.def Info: Master_Report_files/figure-latex/unnamed-chunk-24-1.pd
f  used on input line 191.
(pdftex.def)             Requested size: 250.23769pt x 173.24147pt.
<Master_Report_files/figure-latex/unnamed-chunk-25-1.pdf, id=263, 469.755pt x 3
25.215pt>
File: Master_Report_files/figure-latex/unnamed-chunk-25-1.pdf Graphic file (typ
e pdf)
<use Master_Report_files/figure-latex/unnamed-chunk-25-1.pdf>
Package pdftex.def Info: Master_Report_files/figure-latex/unnamed-chunk-25-1.pd
f  used on input line 195.
(pdftex.def)             Requested size: 250.23769pt x 173.24147pt.
<Master_Report_files/figure-latex/unnamed-chunk-26-1.pdf, id=264, 469.755pt x 3
25.215pt>
File: Master_Report_files/figure-latex/unnamed-chunk-26-1.pdf Graphic file (typ
e pdf)
<use Master_Report_files/figure-latex/unnamed-chunk-26-1.pdf>
Package pdftex.def Info: Master_Report_files/figure-latex/unnamed-chunk-26-1.pd
f  used on input line 199.
(pdftex.def)             Requested size: 250.23769pt x 173.24147pt.
[8 <./Master_Report_files/figure-latex/unnamed-chunk-23-1.pdf> <./Master_Report
_files/figure-latex/unnamed-chunk-24-1.pdf> <./Master_Report_files/figure-latex
/unnamed-chunk-25-1.pdf>]
<Master_Report_files/figure-latex/unnamed-chunk-27-1.pdf, id=288, 469.755pt x 3
25.215pt>
File: Master_Report_files/figure-latex/unnamed-chunk-27-1.pdf Graphic file (typ
e pdf)
<use Master_Report_files/figure-latex/unnamed-chunk-27-1.pdf>
Package pdftex.def Info: Master_Report_files/figure-latex/unnamed-chunk-27-1.pd
f  used on input line 203.
(pdftex.def)             Requested size: 250.23769pt x 173.24147pt.
<Master_Report_files/figure-latex/unnamed-chunk-28-1.pdf, id=289, 469.755pt x 3
25.215pt>
File: Master_Report_files/figure-latex/unnamed-chunk-28-1.pdf Graphic file (typ
e pdf)
<use Master_Report_files/figure-latex/unnamed-chunk-28-1.pdf>
Package pdftex.def Info: Master_Report_files/figure-latex/unnamed-chunk-28-1.pd
f  used on input line 207.
(pdftex.def)             Requested size: 250.23769pt x 173.24147pt.
<Master_Report_files/figure-latex/unnamed-chunk-29-1.pdf, id=290, 469.755pt x 3
25.215pt>
File: Master_Report_files/figure-latex/unnamed-chunk-29-1.pdf Graphic file (typ
e pdf)
<use Master_Report_files/figure-latex/unnamed-chunk-29-1.pdf>
Package pdftex.def Info: Master_Report_files/figure-latex/unnamed-chunk-29-1.pd
f  used on input line 215.
(pdftex.def)             Requested size: 250.23769pt x 173.24147pt.
<Master_Report_files/figure-latex/unnamed-chunk-29-2.pdf, id=291, 469.755pt x 3
25.215pt>
File: Master_Report_files/figure-latex/unnamed-chunk-29-2.pdf Graphic file (typ
e pdf)
<use Master_Report_files/figure-latex/unnamed-chunk-29-2.pdf>
Package pdftex.def Info: Master_Report_files/figure-latex/unnamed-chunk-29-2.pd
f  used on input line 215.
(pdftex.def)             Requested size: 250.23769pt x 173.24147pt.
<Master_Report_files/figure-latex/unnamed-chunk-29-3.pdf, id=292, 469.755pt x 3
25.215pt>
File: Master_Report_files/figure-latex/unnamed-chunk-29-3.pdf Graphic file (typ
e pdf)
<use Master_Report_files/figure-latex/unnamed-chunk-29-3.pdf>
Package pdftex.def Info: Master_Report_files/figure-latex/unnamed-chunk-29-3.pd
f  used on input line 215.
(pdftex.def)             Requested size: 250.23769pt x 173.24147pt.

Overfull \hbox (6.65804pt too wide) in paragraph at lines 215--216
 [][][][]  
 []

[9 <./Master_Report_files/figure-latex/unnamed-chunk-26-1.pdf> <./Master_Report
_files/figure-latex/unnamed-chunk-27-1.pdf> <./Master_Report_files/figure-latex
/unnamed-chunk-28-1.pdf>]
<Master_Report_files/figure-latex/unnamed-chunk-30-1.pdf, id=315, 469.755pt x 3
25.215pt>
File: Master_Report_files/figure-latex/unnamed-chunk-30-1.pdf Graphic file (typ
e pdf)
<use Master_Report_files/figure-latex/unnamed-chunk-30-1.pdf>
Package pdftex.def Info: Master_Report_files/figure-latex/unnamed-chunk-30-1.pd
f  used on input line 224.
(pdftex.def)             Requested size: 250.23769pt x 173.24147pt.
<Master_Report_files/figure-latex/unnamed-chunk-30-2.pdf, id=316, 469.755pt x 3
25.215pt>
File: Master_Report_files/figure-latex/unnamed-chunk-30-2.pdf Graphic file (typ
e pdf)
<use Master_Report_files/figure-latex/unnamed-chunk-30-2.pdf>
Package pdftex.def Info: Master_Report_files/figure-latex/unnamed-chunk-30-2.pd
f  used on input line 224.
(pdftex.def)             Requested size: 250.23769pt x 173.24147pt.
<Master_Report_files/figure-latex/unnamed-chunk-30-3.pdf, id=317, 469.755pt x 3
25.215pt>
File: Master_Report_files/figure-latex/unnamed-chunk-30-3.pdf Graphic file (typ
e pdf)
<use Master_Report_files/figure-latex/unnamed-chunk-30-3.pdf>
Package pdftex.def Info: Master_Report_files/figure-latex/unnamed-chunk-30-3.pd
f  used on input line 224.
(pdftex.def)             Requested size: 250.23769pt x 173.24147pt.
<Master_Report_files/figure-latex/unnamed-chunk-30-4.pdf, id=318, 469.755pt x 3
25.215pt>
File: Master_Report_files/figure-latex/unnamed-chunk-30-4.pdf Graphic file (typ
e pdf)
<use Master_Report_files/figure-latex/unnamed-chunk-30-4.pdf>
Package pdftex.def Info: Master_Report_files/figure-latex/unnamed-chunk-30-4.pd
f  used on input line 224.
(pdftex.def)             Requested size: 250.23769pt x 173.24147pt.

Overfull \hbox (6.65804pt too wide) in paragraph at lines 224--225
 [][][][]  
 []


Overfull \hbox (6.65804pt too wide) in paragraph at lines 224--225
 [][][][] 
 []

[10 <./Master_Report_files/figure-latex/unnamed-chunk-29-1.pdf> <./Master_Repor
t_files/figure-latex/unnamed-chunk-29-2.pdf> <./Master_Report_files/figure-late
x/unnamed-chunk-29-3.pdf>]
<Master_Report_files/figure-latex/unnamed-chunk-32-1.pdf, id=345, 469.755pt x 3
25.215pt>
File: Master_Report_files/figure-latex/unnamed-chunk-32-1.pdf Graphic file (typ
e pdf)
<use Master_Report_files/figure-latex/unnamed-chunk-32-1.pdf>
Package pdftex.def Info: Master_Report_files/figure-latex/unnamed-chunk-32-1.pd
f  used on input line 235.
(pdftex.def)             Requested size: 250.23769pt x 173.24147pt.
<Master_Report_files/figure-latex/unnamed-chunk-32-2.pdf, id=346, 469.755pt x 3
25.215pt>
File: Master_Report_files/figure-latex/unnamed-chunk-32-2.pdf Graphic file (typ
e pdf)
<use Master_Report_files/figure-latex/unnamed-chunk-32-2.pdf>
Package pdftex.def Info: Master_Report_files/figure-latex/unnamed-chunk-32-2.pd
f  used on input line 235.
(pdftex.def)             Requested size: 250.23769pt x 173.24147pt.

Overfull \hbox (6.65804pt too wide) in paragraph at lines 235--236
 [][][][] 
 []

<Master_Report_files/figure-latex/unnamed-chunk-33-1.pdf, id=347, 469.755pt x 3
25.215pt>
File: Master_Report_files/figure-latex/unnamed-chunk-33-1.pdf Graphic file (typ
e pdf)
<use Master_Report_files/figure-latex/unnamed-chunk-33-1.pdf>
Package pdftex.def Info: Master_Report_files/figure-latex/unnamed-chunk-33-1.pd
f  used on input line 244.
(pdftex.def)             Requested size: 250.23769pt x 173.24147pt.
<Master_Report_files/figure-latex/unnamed-chunk-33-2.pdf, id=348, 469.755pt x 3
25.215pt>
File: Master_Report_files/figure-latex/unnamed-chunk-33-2.pdf Graphic file (typ
e pdf)
<use Master_Report_files/figure-latex/unnamed-chunk-33-2.pdf>
Package pdftex.def Info: Master_Report_files/figure-latex/unnamed-chunk-33-2.pd
f  used on input line 244.
(pdftex.def)             Requested size: 250.23769pt x 173.24147pt.

Overfull \hbox (6.65804pt too wide) in paragraph at lines 244--245
 [][][][] 
 []

[11 <./Master_Report_files/figure-latex/unnamed-chunk-30-1.pdf> <./Master_Repor
t_files/figure-latex/unnamed-chunk-30-2.pdf> <./Master_Report_files/figure-late
x/unnamed-chunk-30-3.pdf> <./Master_Report_files/figure-latex/unnamed-chunk-30-
4.pdf> <./Master_Report_files/figure-latex/unnamed-chunk-32-1.pdf> <./Master_Re
port_files/figure-latex/unnamed-chunk-32-2.pdf>]
<Master_Report_files/figure-latex/unnamed-chunk-34-1.pdf, id=391, 469.755pt x 3
25.215pt>
File: Master_Report_files/figure-latex/unnamed-chunk-34-1.pdf Graphic file (typ
e pdf)
<use Master_Report_files/figure-latex/unnamed-chunk-34-1.pdf>
Package pdftex.def Info: Master_Report_files/figure-latex/unnamed-chunk-34-1.pd
f  used on input line 253.
(pdftex.def)             Requested size: 250.23769pt x 173.24147pt.
<Master_Report_files/figure-latex/unnamed-chunk-34-2.pdf, id=392, 469.755pt x 3
25.215pt>
File: Master_Report_files/figure-latex/unnamed-chunk-34-2.pdf Graphic file (typ
e pdf)
<use Master_Report_files/figure-latex/unnamed-chunk-34-2.pdf>
Package pdftex.def Info: Master_Report_files/figure-latex/unnamed-chunk-34-2.pd
f  used on input line 253.
(pdftex.def)             Requested size: 250.23769pt x 173.24147pt.
<Master_Report_files/figure-latex/unnamed-chunk-34-3.pdf, id=393, 469.755pt x 3
25.215pt>
File: Master_Report_files/figure-latex/unnamed-chunk-34-3.pdf Graphic file (typ
e pdf)
<use Master_Report_files/figure-latex/unnamed-chunk-34-3.pdf>
Package pdftex.def Info: Master_Report_files/figure-latex/unnamed-chunk-34-3.pd
f  used on input line 253.
(pdftex.def)             Requested size: 250.23769pt x 173.24147pt.

Overfull \hbox (6.65804pt too wide) in paragraph at lines 253--254
 [][][][]  
 []

[12 <./Master_Report_files/figure-latex/unnamed-chunk-33-1.pdf> <./Master_Repor
t_files/figure-latex/unnamed-chunk-33-2.pdf> <./Master_Report_files/figure-late
x/unnamed-chunk-34-1.pdf> <./Master_Report_files/figure-latex/unnamed-chunk-34-
2.pdf> <./Master_Report_files/figure-latex/unnamed-chunk-34-3.pdf>]
<Master_Report_files/figure-latex/unnamed-chunk-36-1.pdf, id=430, 469.755pt x 3
25.215pt>
File: Master_Report_files/figure-latex/unnamed-chunk-36-1.pdf Graphic file (typ
e pdf)
<use Master_Report_files/figure-latex/unnamed-chunk-36-1.pdf>
Package pdftex.def Info: Master_Report_files/figure-latex/unnamed-chunk-36-1.pd
f  used on input line 265.
(pdftex.def)             Requested size: 250.23769pt x 173.24147pt.
[13 <./Master_Report_files/figure-latex/unnamed-chunk-36-1.pdf>]

Package hyperref Warning: old toc file detected, not used; run LaTeX again.

\tf@toc=\write6
\openout6 = `Master_Report.toc'.


Package hyperref Warning: old lof file detected, not used; run LaTeX again.

\tf@lof=\write7
\openout7 = `Master_Report.lof'.


Package hyperref Warning: old lot file detected, not used; run LaTeX again.

\tf@lot=\write8
\openout8 = `Master_Report.lot'.

[14]
<Master_Report_files/figure-latex/unnamed-chunk-41-1.pdf, id=456, 469.755pt x 3
25.215pt>
File: Master_Report_files/figure-latex/unnamed-chunk-41-1.pdf Graphic file (typ
e pdf)
<use Master_Report_files/figure-latex/unnamed-chunk-41-1.pdf>
Package pdftex.def Info: Master_Report_files/figure-latex/unnamed-chunk-41-1.pd
f  used on input line 315.
(pdftex.def)             Requested size: 250.23769pt x 173.24147pt.
<Master_Report_files/figure-latex/unnamed-chunk-41-2.pdf, id=457, 469.755pt x 3
25.215pt>
File: Master_Report_files/figure-latex/unnamed-chunk-41-2.pdf Graphic file (typ
e pdf)
<use Master_Report_files/figure-latex/unnamed-chunk-41-2.pdf>
Package pdftex.def Info: Master_Report_files/figure-latex/unnamed-chunk-41-2.pd
f  used on input line 315.
(pdftex.def)             Requested size: 250.23769pt x 173.24147pt.

Overfull \hbox (2.2136pt too wide) in paragraph at lines 315--315
[][] [] 
 []

<Master_Report_files/figure-latex/unnamed-chunk-42-1.pdf, id=458, 469.755pt x 3
25.215pt>
File: Master_Report_files/figure-latex/unnamed-chunk-42-1.pdf Graphic file (typ
e pdf)
<use Master_Report_files/figure-latex/unnamed-chunk-42-1.pdf>
Package pdftex.def Info: Master_Report_files/figure-latex/unnamed-chunk-42-1.pd
f  used on input line 318.
(pdftex.def)             Requested size: 250.23769pt x 173.24147pt.
<Master_Report_files/figure-latex/unnamed-chunk-42-2.pdf, id=459, 469.755pt x 3
25.215pt>
File: Master_Report_files/figure-latex/unnamed-chunk-42-2.pdf Graphic file (typ
e pdf)
<use Master_Report_files/figure-latex/unnamed-chunk-42-2.pdf>
Package pdftex.def Info: Master_Report_files/figure-latex/unnamed-chunk-42-2.pd
f  used on input line 318.
(pdftex.def)             Requested size: 250.23769pt x 173.24147pt.

Overfull \hbox (2.2136pt too wide) in paragraph at lines 318--318
[][] [] 
 []

<Master_Report_files/figure-latex/unnamed-chunk-43-1.pdf, id=460, 469.755pt x 3
25.215pt>
File: Master_Report_files/figure-latex/unnamed-chunk-43-1.pdf Graphic file (typ
e pdf)
<use Master_Report_files/figure-latex/unnamed-chunk-43-1.pdf>
Package pdftex.def Info: Master_Report_files/figure-latex/unnamed-chunk-43-1.pd
f  used on input line 321.
(pdftex.def)             Requested size: 250.23769pt x 173.24147pt.
<Master_Report_files/figure-latex/unnamed-chunk-43-2.pdf, id=461, 469.755pt x 3
25.215pt>
File: Master_Report_files/figure-latex/unnamed-chunk-43-2.pdf Graphic file (typ
e pdf)
<use Master_Report_files/figure-latex/unnamed-chunk-43-2.pdf>
Package pdftex.def Info: Master_Report_files/figure-latex/unnamed-chunk-43-2.pd
f  used on input line 321.
(pdftex.def)             Requested size: 250.23769pt x 173.24147pt.

Overfull \hbox (2.2136pt too wide) in paragraph at lines 321--321
[][] [] 
 []

<Master_Report_files/figure-latex/unnamed-chunk-44-1.pdf, id=462, 469.755pt x 3
25.215pt>
File: Master_Report_files/figure-latex/unnamed-chunk-44-1.pdf Graphic file (typ
e pdf)
<use Master_Report_files/figure-latex/unnamed-chunk-44-1.pdf>
Package pdftex.def Info: Master_Report_files/figure-latex/unnamed-chunk-44-1.pd
f  used on input line 324.
(pdftex.def)             Requested size: 250.23769pt x 173.24147pt.
<Master_Report_files/figure-latex/unnamed-chunk-44-2.pdf, id=463, 469.755pt x 3
25.215pt>
File: Master_Report_files/figure-latex/unnamed-chunk-44-2.pdf Graphic file (typ
e pdf)
<use Master_Report_files/figure-latex/unnamed-chunk-44-2.pdf>
Package pdftex.def Info: Master_Report_files/figure-latex/unnamed-chunk-44-2.pd
f  used on input line 324.
(pdftex.def)             Requested size: 250.23769pt x 173.24147pt.

Overfull \hbox (2.2136pt too wide) in paragraph at lines 324--324
[][] [] 
 []

[15 <./Master_Report_files/figure-latex/unnamed-chunk-41-1.pdf> <./Master_Repor
t_files/figure-latex/unnamed-chunk-41-2.pdf> <./Master_Report_files/figure-late
x/unnamed-chunk-42-1.pdf> <./Master_Report_files/figure-latex/unnamed-chunk-42-
2.pdf>]
<Master_Report_files/figure-latex/unnamed-chunk-45-1.pdf, id=497, 469.755pt x 3
25.215pt>
File: Master_Report_files/figure-latex/unnamed-chunk-45-1.pdf Graphic file (typ
e pdf)
<use Master_Report_files/figure-latex/unnamed-chunk-45-1.pdf>
Package pdftex.def Info: Master_Report_files/figure-latex/unnamed-chunk-45-1.pd
f  used on input line 328.
(pdftex.def)             Requested size: 250.23769pt x 173.24147pt.
<Master_Report_files/figure-latex/unnamed-chunk-45-2.pdf, id=498, 469.755pt x 3
25.215pt>
File: Master_Report_files/figure-latex/unnamed-chunk-45-2.pdf Graphic file (typ
e pdf)
<use Master_Report_files/figure-latex/unnamed-chunk-45-2.pdf>
Package pdftex.def Info: Master_Report_files/figure-latex/unnamed-chunk-45-2.pd
f  used on input line 328.
(pdftex.def)             Requested size: 250.23769pt x 173.24147pt.

Overfull \hbox (2.2136pt too wide) in paragraph at lines 328--328
[][] [] 
 []

<Master_Report_files/figure-latex/unnamed-chunk-46-1.pdf, id=499, 469.755pt x 3
25.215pt>
File: Master_Report_files/figure-latex/unnamed-chunk-46-1.pdf Graphic file (typ
e pdf)
<use Master_Report_files/figure-latex/unnamed-chunk-46-1.pdf>
Package pdftex.def Info: Master_Report_files/figure-latex/unnamed-chunk-46-1.pd
f  used on input line 332.
(pdftex.def)             Requested size: 250.23769pt x 173.24147pt.
<Master_Report_files/figure-latex/unnamed-chunk-46-2.pdf, id=500, 469.755pt x 3
25.215pt>
File: Master_Report_files/figure-latex/unnamed-chunk-46-2.pdf Graphic file (typ
e pdf)
<use Master_Report_files/figure-latex/unnamed-chunk-46-2.pdf>
Package pdftex.def Info: Master_Report_files/figure-latex/unnamed-chunk-46-2.pd
f  used on input line 332.
(pdftex.def)             Requested size: 250.23769pt x 173.24147pt.

Overfull \hbox (2.2136pt too wide) in paragraph at lines 332--332
[][] [] 
 []

[16 <./Master_Report_files/figure-latex/unnamed-chunk-43-1.pdf> <./Master_Repor
t_files/figure-latex/unnamed-chunk-43-2.pdf> <./Master_Report_files/figure-late
x/unnamed-chunk-44-1.pdf> <./Master_Report_files/figure-latex/unnamed-chunk-44-
2.pdf> <./Master_Report_files/figure-latex/unnamed-chunk-45-1.pdf> <./Master_Re
port_files/figure-latex/unnamed-chunk-45-2.pdf>]
<Master_Report_files/figure-latex/unnamed-chunk-47-1.pdf, id=544, 469.755pt x 3
25.215pt>
File: Master_Report_files/figure-latex/unnamed-chunk-47-1.pdf Graphic file (typ
e pdf)
<use Master_Report_files/figure-latex/unnamed-chunk-47-1.pdf>
Package pdftex.def Info: Master_Report_files/figure-latex/unnamed-chunk-47-1.pd
f  used on input line 336.
(pdftex.def)             Requested size: 250.23769pt x 173.24147pt.
<Master_Report_files/figure-latex/unnamed-chunk-47-2.pdf, id=545, 469.755pt x 3
25.215pt>
File: Master_Report_files/figure-latex/unnamed-chunk-47-2.pdf Graphic file (typ
e pdf)
<use Master_Report_files/figure-latex/unnamed-chunk-47-2.pdf>
Package pdftex.def Info: Master_Report_files/figure-latex/unnamed-chunk-47-2.pd
f  used on input line 337.
(pdftex.def)             Requested size: 250.23769pt x 173.24147pt.

Overfull \hbox (78.05617pt too wide) in paragraph at lines 335--341
[]\T1/lmr/m/n/10 (-20) \begin{figure}[H] [] []
 []

<Master_Report_files/figure-latex/unnamed-chunk-48-1.pdf, id=546, 469.755pt x 3
25.215pt>
File: Master_Report_files/figure-latex/unnamed-chunk-48-1.pdf Graphic file (typ
e pdf)
<use Master_Report_files/figure-latex/unnamed-chunk-48-1.pdf>
Package pdftex.def Info: Master_Report_files/figure-latex/unnamed-chunk-48-1.pd
f  used on input line 343.
(pdftex.def)             Requested size: 250.23769pt x 173.24147pt.
<Master_Report_files/figure-latex/unnamed-chunk-48-2.pdf, id=547, 469.755pt x 3
25.215pt>
File: Master_Report_files/figure-latex/unnamed-chunk-48-2.pdf Graphic file (typ
e pdf)
<use Master_Report_files/figure-latex/unnamed-chunk-48-2.pdf>
Package pdftex.def Info: Master_Report_files/figure-latex/unnamed-chunk-48-2.pd
f  used on input line 343.
(pdftex.def)             Requested size: 250.23769pt x 173.24147pt.

Overfull \hbox (2.2136pt too wide) in paragraph at lines 343--343
[][] [] 
 []

<Master_Report_files/figure-latex/unnamed-chunk-50-1.pdf, id=548, 469.755pt x 3
25.215pt>
File: Master_Report_files/figure-latex/unnamed-chunk-50-1.pdf Graphic file (typ
e pdf)
<use Master_Report_files/figure-latex/unnamed-chunk-50-1.pdf>
Package pdftex.def Info: Master_Report_files/figure-latex/unnamed-chunk-50-1.pd
f  used on input line 353.
(pdftex.def)             Requested size: 250.23769pt x 173.24147pt.
<Master_Report_files/figure-latex/unnamed-chunk-50-2.pdf, id=549, 469.755pt x 3
25.215pt>
File: Master_Report_files/figure-latex/unnamed-chunk-50-2.pdf Graphic file (typ
e pdf)
<use Master_Report_files/figure-latex/unnamed-chunk-50-2.pdf>
Package pdftex.def Info: Master_Report_files/figure-latex/unnamed-chunk-50-2.pd
f  used on input line 353.
(pdftex.def)             Requested size: 250.23769pt x 173.24147pt.

Overfull \hbox (2.2136pt too wide) in paragraph at lines 353--353
[][] [] 
 []

[17 <./Master_Report_files/figure-latex/unnamed-chunk-46-1.pdf> <./Master_Repor
t_files/figure-latex/unnamed-chunk-46-2.pdf> <./Master_Report_files/figure-late
x/unnamed-chunk-47-1.pdf> <./Master_Report_files/figure-latex/unnamed-chunk-47-
2.pdf> <./Master_Report_files/figure-latex/unnamed-chunk-48-1.pdf> <./Master_Re
port_files/figure-latex/unnamed-chunk-48-2.pdf>]
<Master_Report_files/figure-latex/unnamed-chunk-51-1.pdf, id=593, 469.755pt x 3
25.215pt>
File: Master_Report_files/figure-latex/unnamed-chunk-51-1.pdf Graphic file (typ
e pdf)
<use Master_Report_files/figure-latex/unnamed-chunk-51-1.pdf>
Package pdftex.def Info: Master_Report_files/figure-latex/unnamed-chunk-51-1.pd
f  used on input line 357.
(pdftex.def)             Requested size: 250.23769pt x 173.24147pt.
<Master_Report_files/figure-latex/unnamed-chunk-51-2.pdf, id=594, 469.755pt x 3
25.215pt>
File: Master_Report_files/figure-latex/unnamed-chunk-51-2.pdf Graphic file (typ
e pdf)
<use Master_Report_files/figure-latex/unnamed-chunk-51-2.pdf>
Package pdftex.def Info: Master_Report_files/figure-latex/unnamed-chunk-51-2.pd
f  used on input line 357.
(pdftex.def)             Requested size: 250.23769pt x 173.24147pt.

Overfull \hbox (2.2136pt too wide) in paragraph at lines 357--357
[][] [] 
 []

<Master_Report_files/figure-latex/unnamed-chunk-53-1.pdf, id=595, 469.755pt x 3
25.215pt>
File: Master_Report_files/figure-latex/unnamed-chunk-53-1.pdf Graphic file (typ
e pdf)
<use Master_Report_files/figure-latex/unnamed-chunk-53-1.pdf>
Package pdftex.def Info: Master_Report_files/figure-latex/unnamed-chunk-53-1.pd
f  used on input line 361.
(pdftex.def)             Requested size: 250.23769pt x 173.24147pt.
<Master_Report_files/figure-latex/unnamed-chunk-53-2.pdf, id=596, 469.755pt x 3
25.215pt>
File: Master_Report_files/figure-latex/unnamed-chunk-53-2.pdf Graphic file (typ
e pdf)
<use Master_Report_files/figure-latex/unnamed-chunk-53-2.pdf>
Package pdftex.def Info: Master_Report_files/figure-latex/unnamed-chunk-53-2.pd
f  used on input line 361.
(pdftex.def)             Requested size: 250.23769pt x 173.24147pt.

Overfull \hbox (2.2136pt too wide) in paragraph at lines 361--361
[][] [] 
 []

<Master_Report_files/figure-latex/unnamed-chunk-54-1.pdf, id=597, 469.755pt x 3
25.215pt>
File: Master_Report_files/figure-latex/unnamed-chunk-54-1.pdf Graphic file (typ
e pdf)
<use Master_Report_files/figure-latex/unnamed-chunk-54-1.pdf>
Package pdftex.def Info: Master_Report_files/figure-latex/unnamed-chunk-54-1.pd
f  used on input line 365.
(pdftex.def)             Requested size: 250.23769pt x 173.24147pt.
<Master_Report_files/figure-latex/unnamed-chunk-54-2.pdf, id=598, 469.755pt x 3
25.215pt>
File: Master_Report_files/figure-latex/unnamed-chunk-54-2.pdf Graphic file (typ
e pdf)
<use Master_Report_files/figure-latex/unnamed-chunk-54-2.pdf>
Package pdftex.def Info: Master_Report_files/figure-latex/unnamed-chunk-54-2.pd
f  used on input line 365.
(pdftex.def)             Requested size: 250.23769pt x 173.24147pt.

Overfull \hbox (2.2136pt too wide) in paragraph at lines 365--365
[][] [] 
 []

[18 <./Master_Report_files/figure-latex/unnamed-chunk-50-1.pdf> <./Master_Repor
t_files/figure-latex/unnamed-chunk-50-2.pdf> <./Master_Report_files/figure-late
x/unnamed-chunk-51-1.pdf> <./Master_Report_files/figure-latex/unnamed-chunk-51-
2.pdf> <./Master_Report_files/figure-latex/unnamed-chunk-53-1.pdf> <./Master_Re
port_files/figure-latex/unnamed-chunk-53-2.pdf>]
<Master_Report_files/figure-latex/unnamed-chunk-55-1.pdf, id=644, 469.755pt x 3
25.215pt>
File: Master_Report_files/figure-latex/unnamed-chunk-55-1.pdf Graphic file (typ
e pdf)
<use Master_Report_files/figure-latex/unnamed-chunk-55-1.pdf>
Package pdftex.def Info: Master_Report_files/figure-latex/unnamed-chunk-55-1.pd
f  used on input line 369.
(pdftex.def)             Requested size: 250.23769pt x 173.24147pt.
<Master_Report_files/figure-latex/unnamed-chunk-55-2.pdf, id=645, 469.755pt x 3
25.215pt>
File: Master_Report_files/figure-latex/unnamed-chunk-55-2.pdf Graphic file (typ
e pdf)
<use Master_Report_files/figure-latex/unnamed-chunk-55-2.pdf>
Package pdftex.def Info: Master_Report_files/figure-latex/unnamed-chunk-55-2.pd
f  used on input line 369.
(pdftex.def)             Requested size: 250.23769pt x 173.24147pt.

Overfull \hbox (2.2136pt too wide) in paragraph at lines 369--369
[][] [] 
 []

<Master_Report_files/figure-latex/unnamed-chunk-56-1.pdf, id=646, 469.755pt x 3
25.215pt>
File: Master_Report_files/figure-latex/unnamed-chunk-56-1.pdf Graphic file (typ
e pdf)
<use Master_Report_files/figure-latex/unnamed-chunk-56-1.pdf>
Package pdftex.def Info: Master_Report_files/figure-latex/unnamed-chunk-56-1.pd
f  used on input line 373.
(pdftex.def)             Requested size: 250.23769pt x 173.24147pt.
<Master_Report_files/figure-latex/unnamed-chunk-56-2.pdf, id=647, 469.755pt x 3
25.215pt>
File: Master_Report_files/figure-latex/unnamed-chunk-56-2.pdf Graphic file (typ
e pdf)
<use Master_Report_files/figure-latex/unnamed-chunk-56-2.pdf>
Package pdftex.def Info: Master_Report_files/figure-latex/unnamed-chunk-56-2.pd
f  used on input line 373.
(pdftex.def)             Requested size: 250.23769pt x 173.24147pt.

Overfull \hbox (2.2136pt too wide) in paragraph at lines 373--373
[][] [] 
 []

<Master_Report_files/figure-latex/unnamed-chunk-58-1.pdf, id=648, 469.755pt x 3
25.215pt>
File: Master_Report_files/figure-latex/unnamed-chunk-58-1.pdf Graphic file (typ
e pdf)
<use Master_Report_files/figure-latex/unnamed-chunk-58-1.pdf>
Package pdftex.def Info: Master_Report_files/figure-latex/unnamed-chunk-58-1.pd
f  used on input line 380.
(pdftex.def)             Requested size: 250.23769pt x 173.24147pt.
[19 <./Master_Report_files/figure-latex/unnamed-chunk-54-1.pdf> <./Master_Repor
t_files/figure-latex/unnamed-chunk-54-2.pdf> <./Master_Report_files/figure-late
x/unnamed-chunk-55-1.pdf> <./Master_Report_files/figure-latex/unnamed-chunk-55-
2.pdf> <./Master_Report_files/figure-latex/unnamed-chunk-56-1.pdf> <./Master_Re
port_files/figure-latex/unnamed-chunk-56-2.pdf>]
<Master_Report_files/figure-latex/unnamed-chunk-59-1.pdf, id=695, 469.755pt x 3
25.215pt>
File: Master_Report_files/figure-latex/unnamed-chunk-59-1.pdf Graphic file (typ
e pdf)
<use Master_Report_files/figure-latex/unnamed-chunk-59-1.pdf>
Package pdftex.def Info: Master_Report_files/figure-latex/unnamed-chunk-59-1.pd
f  used on input line 384.
(pdftex.def)             Requested size: 250.23769pt x 173.24147pt.
<Master_Report_files/figure-latex/unnamed-chunk-60-1.pdf, id=696, 469.755pt x 3
25.215pt>
File: Master_Report_files/figure-latex/unnamed-chunk-60-1.pdf Graphic file (typ
e pdf)
<use Master_Report_files/figure-latex/unnamed-chunk-60-1.pdf>
Package pdftex.def Info: Master_Report_files/figure-latex/unnamed-chunk-60-1.pd
f  used on input line 388.
(pdftex.def)             Requested size: 250.23769pt x 173.24147pt.
<Master_Report_files/figure-latex/unnamed-chunk-61-1.pdf, id=697, 469.755pt x 3
25.215pt>
File: Master_Report_files/figure-latex/unnamed-chunk-61-1.pdf Graphic file (typ
e pdf)
<use Master_Report_files/figure-latex/unnamed-chunk-61-1.pdf>
Package pdftex.def Info: Master_Report_files/figure-latex/unnamed-chunk-61-1.pd
f  used on input line 392.
(pdftex.def)             Requested size: 250.23769pt x 173.24147pt.
[20 <./Master_Report_files/figure-latex/unnamed-chunk-58-1.pdf> <./Master_Repor
t_files/figure-latex/unnamed-chunk-59-1.pdf> <./Master_Report_files/figure-late
x/unnamed-chunk-60-1.pdf>]
<Master_Report_files/figure-latex/unnamed-chunk-62-1.pdf, id=721, 469.755pt x 3
25.215pt>
File: Master_Report_files/figure-latex/unnamed-chunk-62-1.pdf Graphic file (typ
e pdf)
<use Master_Report_files/figure-latex/unnamed-chunk-62-1.pdf>
Package pdftex.def Info: Master_Report_files/figure-latex/unnamed-chunk-62-1.pd
f  used on input line 396.
(pdftex.def)             Requested size: 250.23769pt x 173.24147pt.
<Master_Report_files/figure-latex/unnamed-chunk-63-1.pdf, id=722, 469.755pt x 3
25.215pt>
File: Master_Report_files/figure-latex/unnamed-chunk-63-1.pdf Graphic file (typ
e pdf)
<use Master_Report_files/figure-latex/unnamed-chunk-63-1.pdf>
Package pdftex.def Info: Master_Report_files/figure-latex/unnamed-chunk-63-1.pd
f  used on input line 400.
(pdftex.def)             Requested size: 250.23769pt x 173.24147pt.

! LaTeX Error: \subfloat outside float.

See the LaTeX manual or LaTeX Companion for explanation.
Type  H <return>  for immediate help.
 ...                                              
                                                  
l.408 \{\centering \subfloat
                            [Calcium content in each biomass compartment\lab...
 
Here is how much of TeX's memory you used:
 16395 strings out of 480236
 273130 string characters out of 2880557
 586895 words of memory out of 3000000
 32450 multiletter control sequences out of 15000+200000
 581491 words of font info for 80 fonts, out of 3000000 for 9000
 1141 hyphenation exceptions out of 8191
 71i,10n,77p,809b,463s stack positions out of 5000i,500n,10000p,200000b,50000s
!  ==> Fatal error occurred, no output PDF file produced!
